<?xml version="1.0" encoding="UTF-8"?>
<testng-results ignored="0" total="1" passed="1" failed="0" skipped="0">
  <reporter-output>
  </reporter-output>
  <suite started-at="2025-11-06T10:02:34 IST" name="Default suite" finished-at="2025-11-06T10:02:37 IST" duration-ms="3244">
    <groups>
    </groups>
    <test started-at="2025-11-06T10:02:34 IST" name="Default test" finished-at="2025-11-06T10:02:37 IST" duration-ms="3244">
      <class name="testscript.LoginTest">
        <test-method is-config="true" signature="initialiseBrowser()[pri:0, instance:testscript.LoginTest@7cc0cdad]" started-at="2025-11-06T10:02:34 IST" name="initialiseBrowser" finished-at="2025-11-06T10:02:36 IST" duration-ms="2264" status="PASS">
          <reporter-output>
          </reporter-output>
        </test-method> <!-- initialiseBrowser -->
        <test-method signature="verifyInvalidCredentials()[pri:0, instance:testscript.LoginTest@7cc0cdad]" started-at="2025-11-06T10:02:36 IST" name="verifyInvalidCredentials" finished-at="2025-11-06T10:02:37 IST" duration-ms="940" status="PASS">
          <reporter-output>
          </reporter-output>
        </test-method> <!-- verifyInvalidCredentials -->
        <test-method is-config="true" signature="driverCloseandQuit()[pri:0, instance:testscript.LoginTest@7cc0cdad]" started-at="2025-11-06T10:02:37 IST" name="driverCloseandQuit" finished-at="2025-11-06T10:02:37 IST" duration-ms="4" status="PASS">
          <reporter-output>
          </reporter-output>
        </test-method> <!-- driverCloseandQuit -->
      </class> <!-- testscript.LoginTest -->
    </test> <!-- Default test -->
  </suite> <!-- Default suite -->
</testng-results>
