<?xml version="1.0" encoding="UTF-8"?>
<!-- Generated by org.testng.reporters.JUnitXMLReporter -->
<testsuite ignored="3" hostname="DESKTOP-IJLMRJB" failures="0" tests="1" name="Default test" time="3.244" errors="0" timestamp="2025-11-06T10:02:37 IST">
  <testcase classname="testscript.LoginTest" name="verifyInvalidCredentials" time="0.94"/>
  <testcase classname="testscript.LoginTest" name="verifyLoginWithValidUsernameandInvalidPassword" time="0.0">
    <ignored/>
  </testcase> <!-- verifyLoginWithValidUsernameandInvalidPassword -->
  <testcase classname="testscript.LoginTest" name="verifyLoginWithInvalidUsernameandValidPassword" time="0.0">
    <ignored/>
  </testcase> <!-- verifyLoginWithInvalidUsernameandValidPassword -->
  <testcase classname="testscript.LoginTest" name="verifyUserLoginWithValidCredentials" time="0.0">
    <ignored/>
  </testcase> <!-- verifyUserLoginWithValidCredentials -->
</testsuite> <!-- Default test -->
